>>> Logging started
>>> Log file: /Users/manish.singh/Documents/coderepo/assignment/mlso_assignment_2/logs/run.log
>>> Project root: /Users/manish.singh/Documents/coderepo/assignment/mlso_assignment_2
>>> Python executable: /Users/manish.singh/Documents/coderepo/assignment/.venv/bin/python
>>> Python version: 3.12.0 (v3.12.0:0fb18b02c8, Oct  2 2023, 09:45:56) [Clang 13.0.0 (clang-1300.0.29.30)]
>>> PYSPARK_PYTHON = /Users/manish.singh/Documents/coderepo/assignment/.venv/bin/python
>>> PYSPARK_DRIVER_PYTHON = /Users/manish.singh/Documents/coderepo/assignment/.venv/bin/python
>>> Creating SparkSession...
>>> Spark created.
>>> Spark master: local[8]
>>> Default parallelism: 8
>>> Spark UI: http://192.168.1.3:4040
>>> Importing project modules...
>>> Imports completed.
>>> Loading dataset...
>>> ENTER load_data()
>>> Dataset not found locally — downloading from KaggleHub...
>>> Copying dataset into data directory...
>>> Reading CSV into Spark...
>>> load_data() finished
>>> Dataset loaded.
>>> Starting SERIAL training...
>>> ENTER train_serial()
2026-01-31 12:58:23,479 INFO XGBoost-PySpark: _fit Running xgboost-3.1.3 on 1 workers with
	booster params: {'objective': 'binary:logistic', 'device': 'cpu', 'eval_metric': 'auc', 'learning_rate': 0.1, 'max_depth': 6, 'tree_method': 'hist', 'nthread': 1}
	train_call_kwargs_params: {'verbose_eval': True, 'num_boost_round': 100}
	dmatrix_kwargs: {'nthread': 1, 'missing': nan}
2026-01-31 12:58:33,813 INFO XGBoost-PySpark: _fit Finished xgboost training!
>>> train_serial() finished
>>> Serial training done in 12.60 s
>>> Starting PARALLEL training...
>>> ENTER train_parallel()
2026-01-31 12:58:35,306 INFO XGBoost-PySpark: _fit Running xgboost-3.1.3 on 1 workers with
	booster params: {'objective': 'binary:logistic', 'device': 'cpu', 'eval_metric': 'auc', 'learning_rate': 0.1, 'max_depth': 6, 'tree_method': 'hist', 'nthread': 1}
	train_call_kwargs_params: {'verbose_eval': True, 'num_boost_round': 100}
	dmatrix_kwargs: {'nthread': 1, 'missing': nan}
2026-01-31 12:58:42,644 INFO XGBoost-PySpark: _fit Finished xgboost training!
>>> train_parallel() finished
>>> Parallel training done in 8.81 s
>>> Evaluating parallel model...
>>> ENTER INFERENCE - evaluate_model()
>>> ENTER METRICS - classification_metrics()
>>> METRICS - classification_metrics() finished
>>> INFERENCE - evaluate_model() finished
>>> Evaluation complete.

===== FINAL RESULTS =====
T_serial   : 12.60 s
T_parallel : 8.81 s
Speedup    : 1.43 x
Accuracy   : 0.9994
Precision  : 0.8846
Recall     : 0.7500
F1-score   : 0.8118
AUC-ROC    : 0.9835
>>> Saving plots to: /Users/manish.singh/Documents/coderepo/assignment/mlso_assignment_2/results
>>> Plots saved successfully.
>>> Stopping Spark...
>>> Done.
